0 info it worked if it ends with ok
1 verbose cli [ '/usr/bin/nodejs', '/usr/bin/npm', 'install', '-g', 'shapefile' ]
2 info using npm@3.10.10
3 info using node@v6.10.3
4 silly loadCurrentTree Starting
5 silly install loadCurrentTree
6 silly install readGlobalPackageData
7 silly fetchPackageMetaData shapefile
8 silly fetchNamedPackageData shapefile
9 silly mapToRegistry name shapefile
10 silly mapToRegistry using default registry
11 silly mapToRegistry registry https://registry.npmjs.org/
12 silly mapToRegistry data Result {
12 silly mapToRegistry   raw: 'shapefile',
12 silly mapToRegistry   scope: null,
12 silly mapToRegistry   escapedName: 'shapefile',
12 silly mapToRegistry   name: 'shapefile',
12 silly mapToRegistry   rawSpec: '',
12 silly mapToRegistry   spec: 'latest',
12 silly mapToRegistry   type: 'tag' }
13 silly mapToRegistry uri https://registry.npmjs.org/shapefile
14 verbose request uri https://registry.npmjs.org/shapefile
15 verbose request no auth needed
16 info attempt registry request try #1 at 11:31:41
17 verbose request id 9e87516d81614d2f
18 verbose etag "5a253933-11db2"
19 verbose lastModified Mon, 4 Dec 2017 12:01:55 GMT
20 http request GET https://registry.npmjs.org/shapefile
21 http 304 https://registry.npmjs.org/shapefile
22 verbose headers { date: 'Thu, 22 Feb 2018 14:31:41 GMT',
22 verbose headers   via: '1.1 varnish',
22 verbose headers   'cache-control': 'max-age=300',
22 verbose headers   etag: '"5a253933-11db2"',
22 verbose headers   age: '8666',
22 verbose headers   connection: 'keep-alive',
22 verbose headers   'x-served-by': 'cache-gru17122-GRU',
22 verbose headers   'x-cache': 'HIT',
22 verbose headers   'x-cache-hits': '39',
22 verbose headers   'x-timer': 'S1519309902.745842,VS0,VE0',
22 verbose headers   vary: 'Accept-Encoding, Accept' }
23 silly get cb [ 304,
23 silly get   { date: 'Thu, 22 Feb 2018 14:31:41 GMT',
23 silly get     via: '1.1 varnish',
23 silly get     'cache-control': 'max-age=300',
23 silly get     etag: '"5a253933-11db2"',
23 silly get     age: '8666',
23 silly get     connection: 'keep-alive',
23 silly get     'x-served-by': 'cache-gru17122-GRU',
23 silly get     'x-cache': 'HIT',
23 silly get     'x-cache-hits': '39',
23 silly get     'x-timer': 'S1519309902.745842,VS0,VE0',
23 silly get     vary: 'Accept-Encoding, Accept' } ]
24 verbose etag https://registry.npmjs.org/shapefile from cache
25 verbose get saving shapefile to /home/thiagosm/.npm/registry.npmjs.org/shapefile/.cache.json
26 verbose correctMkdir /home/thiagosm/.npm correctMkdir not in flight; initializing
27 silly install normalizeTree
28 silly loadCurrentTree Finishing
29 silly loadIdealTree Starting
30 silly install loadIdealTree
31 silly cloneCurrentTree Starting
32 silly install cloneCurrentTreeToIdealTree
33 silly cloneCurrentTree Finishing
34 silly loadShrinkwrap Starting
35 silly install loadShrinkwrap
36 silly loadShrinkwrap Finishing
37 silly loadAllDepsIntoIdealTree Starting
38 silly install loadAllDepsIntoIdealTree
39 silly resolveWithNewModule shapefile@0.6.6 checking installable status
40 silly cache add args [ 'shapefile', null ]
41 verbose cache add spec shapefile
42 silly cache add parsed spec Result {
42 silly cache add   raw: 'shapefile',
42 silly cache add   scope: null,
42 silly cache add   escapedName: 'shapefile',
42 silly cache add   name: 'shapefile',
42 silly cache add   rawSpec: '',
42 silly cache add   spec: 'latest',
42 silly cache add   type: 'tag' }
43 silly addNamed shapefile@latest
44 verbose addNamed "latest" is being treated as a dist-tag for shapefile
45 info addNameTag [ 'shapefile', 'latest' ]
46 silly mapToRegistry name shapefile
47 silly mapToRegistry using default registry
48 silly mapToRegistry registry https://registry.npmjs.org/
49 silly mapToRegistry data Result {
49 silly mapToRegistry   raw: 'shapefile',
49 silly mapToRegistry   scope: null,
49 silly mapToRegistry   escapedName: 'shapefile',
49 silly mapToRegistry   name: 'shapefile',
49 silly mapToRegistry   rawSpec: '',
49 silly mapToRegistry   spec: 'latest',
49 silly mapToRegistry   type: 'tag' }
50 silly mapToRegistry uri https://registry.npmjs.org/shapefile
51 verbose addNameTag registry:https://registry.npmjs.org/shapefile not in flight; fetching
52 verbose get https://registry.npmjs.org/shapefile not expired, no request
53 silly addNameTag next cb for shapefile with tag latest
54 silly addNamed shapefile@0.6.6
55 verbose addNamed "0.6.6" is a plain semver version for shapefile
56 silly cache afterAdd shapefile@0.6.6
57 verbose afterAdd /home/thiagosm/.npm/shapefile/0.6.6/package/package.json not in flight; writing
58 verbose correctMkdir /home/thiagosm/.npm correctMkdir not in flight; initializing
59 verbose afterAdd /home/thiagosm/.npm/shapefile/0.6.6/package/package.json written
60 silly fetchNamedPackageData array-source
61 silly mapToRegistry name array-source
62 silly mapToRegistry using default registry
63 silly mapToRegistry registry https://registry.npmjs.org/
64 silly mapToRegistry data Result {
64 silly mapToRegistry   raw: 'array-source',
64 silly mapToRegistry   scope: null,
64 silly mapToRegistry   escapedName: 'array-source',
64 silly mapToRegistry   name: 'array-source',
64 silly mapToRegistry   rawSpec: '',
64 silly mapToRegistry   spec: 'latest',
64 silly mapToRegistry   type: 'tag' }
65 silly mapToRegistry uri https://registry.npmjs.org/array-source
66 silly fetchNamedPackageData commander
67 silly mapToRegistry name commander
68 silly mapToRegistry using default registry
69 silly mapToRegistry registry https://registry.npmjs.org/
70 silly mapToRegistry data Result {
70 silly mapToRegistry   raw: 'commander',
70 silly mapToRegistry   scope: null,
70 silly mapToRegistry   escapedName: 'commander',
70 silly mapToRegistry   name: 'commander',
70 silly mapToRegistry   rawSpec: '',
70 silly mapToRegistry   spec: 'latest',
70 silly mapToRegistry   type: 'tag' }
71 silly mapToRegistry uri https://registry.npmjs.org/commander
72 silly fetchNamedPackageData path-source
73 silly mapToRegistry name path-source
74 silly mapToRegistry using default registry
75 silly mapToRegistry registry https://registry.npmjs.org/
76 silly mapToRegistry data Result {
76 silly mapToRegistry   raw: 'path-source',
76 silly mapToRegistry   scope: null,
76 silly mapToRegistry   escapedName: 'path-source',
76 silly mapToRegistry   name: 'path-source',
76 silly mapToRegistry   rawSpec: '',
76 silly mapToRegistry   spec: 'latest',
76 silly mapToRegistry   type: 'tag' }
77 silly mapToRegistry uri https://registry.npmjs.org/path-source
78 silly fetchNamedPackageData slice-source
79 silly mapToRegistry name slice-source
80 silly mapToRegistry using default registry
81 silly mapToRegistry registry https://registry.npmjs.org/
82 silly mapToRegistry data Result {
82 silly mapToRegistry   raw: 'slice-source',
82 silly mapToRegistry   scope: null,
82 silly mapToRegistry   escapedName: 'slice-source',
82 silly mapToRegistry   name: 'slice-source',
82 silly mapToRegistry   rawSpec: '',
82 silly mapToRegistry   spec: 'latest',
82 silly mapToRegistry   type: 'tag' }
83 silly mapToRegistry uri https://registry.npmjs.org/slice-source
84 silly fetchNamedPackageData stream-source
85 silly mapToRegistry name stream-source
86 silly mapToRegistry using default registry
87 silly mapToRegistry registry https://registry.npmjs.org/
88 silly mapToRegistry data Result {
88 silly mapToRegistry   raw: 'stream-source',
88 silly mapToRegistry   scope: null,
88 silly mapToRegistry   escapedName: 'stream-source',
88 silly mapToRegistry   name: 'stream-source',
88 silly mapToRegistry   rawSpec: '',
88 silly mapToRegistry   spec: 'latest',
88 silly mapToRegistry   type: 'tag' }
89 silly mapToRegistry uri https://registry.npmjs.org/stream-source
90 silly fetchNamedPackageData text-encoding
91 silly mapToRegistry name text-encoding
92 silly mapToRegistry using default registry
93 silly mapToRegistry registry https://registry.npmjs.org/
94 silly mapToRegistry data Result {
94 silly mapToRegistry   raw: 'text-encoding',
94 silly mapToRegistry   scope: null,
94 silly mapToRegistry   escapedName: 'text-encoding',
94 silly mapToRegistry   name: 'text-encoding',
94 silly mapToRegistry   rawSpec: '',
94 silly mapToRegistry   spec: 'latest',
94 silly mapToRegistry   type: 'tag' }
95 silly mapToRegistry uri https://registry.npmjs.org/text-encoding
96 verbose request uri https://registry.npmjs.org/commander
97 verbose request no auth needed
98 info attempt registry request try #1 at 11:31:41
99 verbose etag "5a8e695d-14d0c"
100 verbose lastModified Thu, 22 Feb 2018 6:55:25 GMT
101 http request GET https://registry.npmjs.org/commander
102 verbose request uri https://registry.npmjs.org/array-source
103 verbose request no auth needed
104 info attempt registry request try #1 at 11:31:41
105 verbose etag "59ab2c10-20d7"
106 verbose lastModified Sat, 2 Sep 2017 22:09:20 GMT
107 http request GET https://registry.npmjs.org/array-source
108 verbose request uri https://registry.npmjs.org/path-source
109 verbose request no auth needed
110 info attempt registry request try #1 at 11:31:41
111 verbose etag "59ab2b4d-34e3"
112 verbose lastModified Sat, 2 Sep 2017 22:06:05 GMT
113 http request GET https://registry.npmjs.org/path-source
114 verbose request uri https://registry.npmjs.org/slice-source
115 verbose request no auth needed
116 info attempt registry request try #1 at 11:31:41
117 verbose etag "57d05103-5e64"
118 verbose lastModified Wed, 7 Sep 2016 17:40:19 GMT
119 http request GET https://registry.npmjs.org/slice-source
120 verbose request uri https://registry.npmjs.org/stream-source
121 verbose request no auth needed
122 info attempt registry request try #1 at 11:31:41
123 verbose etag "59ab2a66-4a98"
124 verbose lastModified Sat, 2 Sep 2017 22:02:14 GMT
125 http request GET https://registry.npmjs.org/stream-source
126 verbose request uri https://registry.npmjs.org/text-encoding
127 verbose request no auth needed
128 info attempt registry request try #1 at 11:31:41
129 verbose etag "59b8c226-4cfc"
130 verbose lastModified Wed, 13 Sep 2017 5:29:10 GMT
131 http request GET https://registry.npmjs.org/text-encoding
132 http 304 https://registry.npmjs.org/commander
133 verbose headers { date: 'Thu, 22 Feb 2018 14:31:41 GMT',
133 verbose headers   via: '1.1 varnish',
133 verbose headers   'cache-control': 'max-age=300',
133 verbose headers   etag: '"5a8e695d-14d0c"',
133 verbose headers   age: '12784',
133 verbose headers   connection: 'keep-alive',
133 verbose headers   'x-served-by': 'cache-gru17122-GRU',
133 verbose headers   'x-cache': 'HIT',
133 verbose headers   'x-cache-hits': '169',
133 verbose headers   'x-timer': 'S1519309902.969106,VS0,VE0',
133 verbose headers   vary: 'Accept-Encoding, Accept' }
134 silly get cb [ 304,
134 silly get   { date: 'Thu, 22 Feb 2018 14:31:41 GMT',
134 silly get     via: '1.1 varnish',
134 silly get     'cache-control': 'max-age=300',
134 silly get     etag: '"5a8e695d-14d0c"',
134 silly get     age: '12784',
134 silly get     connection: 'keep-alive',
134 silly get     'x-served-by': 'cache-gru17122-GRU',
134 silly get     'x-cache': 'HIT',
134 silly get     'x-cache-hits': '169',
134 silly get     'x-timer': 'S1519309902.969106,VS0,VE0',
134 silly get     vary: 'Accept-Encoding, Accept' } ]
135 verbose etag https://registry.npmjs.org/commander from cache
136 verbose get saving commander to /home/thiagosm/.npm/registry.npmjs.org/commander/.cache.json
137 verbose correctMkdir /home/thiagosm/.npm correctMkdir not in flight; initializing
138 silly resolveWithNewModule commander@2.14.1 checking installable status
139 silly cache add args [ 'commander@2', null ]
140 verbose cache add spec commander@2
141 silly cache add parsed spec Result {
141 silly cache add   raw: 'commander@2',
141 silly cache add   scope: null,
141 silly cache add   escapedName: 'commander',
141 silly cache add   name: 'commander',
141 silly cache add   rawSpec: '2',
141 silly cache add   spec: '>=2.0.0 <3.0.0',
141 silly cache add   type: 'range' }
142 silly addNamed commander@>=2.0.0 <3.0.0
143 verbose addNamed ">=2.0.0 <3.0.0" is a valid semver range for commander
144 silly addNameRange { name: 'commander', range: '>=2.0.0 <3.0.0', hasData: false }
145 silly mapToRegistry name commander
146 silly mapToRegistry using default registry
147 silly mapToRegistry registry https://registry.npmjs.org/
148 silly mapToRegistry data Result {
148 silly mapToRegistry   raw: 'commander',
148 silly mapToRegistry   scope: null,
148 silly mapToRegistry   escapedName: 'commander',
148 silly mapToRegistry   name: 'commander',
148 silly mapToRegistry   rawSpec: '',
148 silly mapToRegistry   spec: 'latest',
148 silly mapToRegistry   type: 'tag' }
149 silly mapToRegistry uri https://registry.npmjs.org/commander
150 verbose addNameRange registry:https://registry.npmjs.org/commander not in flight; fetching
151 verbose get https://registry.npmjs.org/commander not expired, no request
152 silly addNameRange number 2 { name: 'commander', range: '>=2.0.0 <3.0.0', hasData: true }
153 silly addNameRange versions [ 'commander',
153 silly addNameRange   [ '0.0.1',
153 silly addNameRange     '0.0.3',
153 silly addNameRange     '0.0.4',
153 silly addNameRange     '0.0.5',
153 silly addNameRange     '0.1.0',
153 silly addNameRange     '0.2.0',
153 silly addNameRange     '0.2.1',
153 silly addNameRange     '0.3.0',
153 silly addNameRange     '0.3.1',
153 silly addNameRange     '0.3.2',
153 silly addNameRange     '0.3.3',
153 silly addNameRange     '0.4.0',
153 silly addNameRange     '0.4.1',
153 silly addNameRange     '0.4.2',
153 silly addNameRange     '0.4.3',
153 silly addNameRange     '0.5.0',
153 silly addNameRange     '0.5.1',
153 silly addNameRange     '0.6.0',
153 silly addNameRange     '0.6.1',
153 silly addNameRange     '0.5.2',
153 silly addNameRange     '1.0.0',
153 silly addNameRange     '1.0.1',
153 silly addNameRange     '1.0.2',
153 silly addNameRange     '1.0.3',
153 silly addNameRange     '1.0.4',
153 silly addNameRange     '1.0.5',
153 silly addNameRange     '1.1.0',
153 silly addNameRange     '1.1.1',
153 silly addNameRange     '1.2.0',
153 silly addNameRange     '1.3.0',
153 silly addNameRange     '1.3.1',
153 silly addNameRange     '1.3.2',
153 silly addNameRange     '2.0.0',
153 silly addNameRange     '2.1.0',
153 silly addNameRange     '2.2.0',
153 silly addNameRange     '2.3.0',
153 silly addNameRange     '2.4.0',
153 silly addNameRange     '2.5.0',
153 silly addNameRange     '2.5.1',
153 silly addNameRange     '2.6.0',
153 silly addNameRange     '2.7.0',
153 silly addNameRange     '2.7.1',
153 silly addNameRange     '2.8.0',
153 silly addNameRange     '2.8.1',
153 silly addNameRange     '2.9.0',
153 silly addNameRange     '2.10.0',
153 silly addNameRange     '2.11.0',
153 silly addNameRange     '2.12.0',
153 silly addNameRange     '2.12.1',
153 silly addNameRange     '2.12.2',
153 silly addNameRange     '2.13.0',
153 silly addNameRange     '2.14.0',
153 silly addNameRange     '2.14.1' ] ]
154 silly addNamed commander@2.14.1
155 verbose addNamed "2.14.1" is a plain semver version for commander
156 silly cache afterAdd commander@2.14.1
157 verbose afterAdd /home/thiagosm/.npm/commander/2.14.1/package/package.json not in flight; writing
158 verbose correctMkdir /home/thiagosm/.npm correctMkdir not in flight; initializing
159 verbose afterAdd /home/thiagosm/.npm/commander/2.14.1/package/package.json written
160 http 304 https://registry.npmjs.org/stream-source
161 verbose headers { date: 'Thu, 22 Feb 2018 14:31:42 GMT',
161 verbose headers   via: '1.1 varnish',
161 verbose headers   'cache-control': 'max-age=300',
161 verbose headers   etag: '"59ab2a66-4a98"',
161 verbose headers   age: '13670',
161 verbose headers   connection: 'keep-alive',
161 verbose headers   'x-served-by': 'cache-gru17126-GRU',
161 verbose headers   'x-cache': 'HIT',
161 verbose headers   'x-cache-hits': '1',
161 verbose headers   'x-timer': 'S1519309902.127357,VS0,VE0',
161 verbose headers   vary: 'Accept-Encoding, Accept' }
162 silly get cb [ 304,
162 silly get   { date: 'Thu, 22 Feb 2018 14:31:42 GMT',
162 silly get     via: '1.1 varnish',
162 silly get     'cache-control': 'max-age=300',
162 silly get     etag: '"59ab2a66-4a98"',
162 silly get     age: '13670',
162 silly get     connection: 'keep-alive',
162 silly get     'x-served-by': 'cache-gru17126-GRU',
162 silly get     'x-cache': 'HIT',
162 silly get     'x-cache-hits': '1',
162 silly get     'x-timer': 'S1519309902.127357,VS0,VE0',
162 silly get     vary: 'Accept-Encoding, Accept' } ]
163 verbose etag https://registry.npmjs.org/stream-source from cache
164 verbose get saving stream-source to /home/thiagosm/.npm/registry.npmjs.org/stream-source/.cache.json
165 verbose correctMkdir /home/thiagosm/.npm correctMkdir not in flight; initializing
166 http 304 https://registry.npmjs.org/path-source
167 verbose headers { date: 'Thu, 22 Feb 2018 14:31:42 GMT',
167 verbose headers   via: '1.1 varnish',
167 verbose headers   'cache-control': 'max-age=300',
167 verbose headers   etag: '"59ab2b4d-34e3"',
167 verbose headers   age: '13670',
167 verbose headers   connection: 'keep-alive',
167 verbose headers   'x-served-by': 'cache-gru17128-GRU',
167 verbose headers   'x-cache': 'HIT',
167 verbose headers   'x-cache-hits': '6',
167 verbose headers   'x-timer': 'S1519309902.125990,VS0,VE0',
167 verbose headers   vary: 'Accept-Encoding, Accept' }
168 silly get cb [ 304,
168 silly get   { date: 'Thu, 22 Feb 2018 14:31:42 GMT',
168 silly get     via: '1.1 varnish',
168 silly get     'cache-control': 'max-age=300',
168 silly get     etag: '"59ab2b4d-34e3"',
168 silly get     age: '13670',
168 silly get     connection: 'keep-alive',
168 silly get     'x-served-by': 'cache-gru17128-GRU',
168 silly get     'x-cache': 'HIT',
168 silly get     'x-cache-hits': '6',
168 silly get     'x-timer': 'S1519309902.125990,VS0,VE0',
168 silly get     vary: 'Accept-Encoding, Accept' } ]
169 verbose etag https://registry.npmjs.org/path-source from cache
170 verbose get saving path-source to /home/thiagosm/.npm/registry.npmjs.org/path-source/.cache.json
171 verbose correctMkdir /home/thiagosm/.npm correctMkdir not in flight; initializing
172 http 304 https://registry.npmjs.org/text-encoding
173 verbose headers { date: 'Thu, 22 Feb 2018 14:31:42 GMT',
173 verbose headers   via: '1.1 varnish',
173 verbose headers   'cache-control': 'max-age=300',
173 verbose headers   etag: '"59b8c226-4cfc"',
173 verbose headers   age: '7100',
173 verbose headers   connection: 'keep-alive',
173 verbose headers   'x-served-by': 'cache-gru17128-GRU',
173 verbose headers   'x-cache': 'HIT',
173 verbose headers   'x-cache-hits': '17',
173 verbose headers   'x-timer': 'S1519309902.126336,VS0,VE0',
173 verbose headers   vary: 'Accept-Encoding, Accept' }
174 silly get cb [ 304,
174 silly get   { date: 'Thu, 22 Feb 2018 14:31:42 GMT',
174 silly get     via: '1.1 varnish',
174 silly get     'cache-control': 'max-age=300',
174 silly get     etag: '"59b8c226-4cfc"',
174 silly get     age: '7100',
174 silly get     connection: 'keep-alive',
174 silly get     'x-served-by': 'cache-gru17128-GRU',
174 silly get     'x-cache': 'HIT',
174 silly get     'x-cache-hits': '17',
174 silly get     'x-timer': 'S1519309902.126336,VS0,VE0',
174 silly get     vary: 'Accept-Encoding, Accept' } ]
175 verbose etag https://registry.npmjs.org/text-encoding from cache
176 verbose get saving text-encoding to /home/thiagosm/.npm/registry.npmjs.org/text-encoding/.cache.json
177 verbose correctMkdir /home/thiagosm/.npm correctMkdir not in flight; initializing
178 http 304 https://registry.npmjs.org/slice-source
179 verbose headers { date: 'Thu, 22 Feb 2018 14:31:42 GMT',
179 verbose headers   via: '1.1 varnish',
179 verbose headers   'cache-control': 'max-age=300',
179 verbose headers   etag: '"57d05103-5e64"',
179 verbose headers   age: '13670',
179 verbose headers   connection: 'keep-alive',
179 verbose headers   'x-served-by': 'cache-gru17133-GRU',
179 verbose headers   'x-cache': 'HIT',
179 verbose headers   'x-cache-hits': '1',
179 verbose headers   'x-timer': 'S1519309902.123795,VS0,VE1',
179 verbose headers   vary: 'Accept-Encoding, Accept' }
180 silly get cb [ 304,
180 silly get   { date: 'Thu, 22 Feb 2018 14:31:42 GMT',
180 silly get     via: '1.1 varnish',
180 silly get     'cache-control': 'max-age=300',
180 silly get     etag: '"57d05103-5e64"',
180 silly get     age: '13670',
180 silly get     connection: 'keep-alive',
180 silly get     'x-served-by': 'cache-gru17133-GRU',
180 silly get     'x-cache': 'HIT',
180 silly get     'x-cache-hits': '1',
180 silly get     'x-timer': 'S1519309902.123795,VS0,VE1',
180 silly get     vary: 'Accept-Encoding, Accept' } ]
181 verbose etag https://registry.npmjs.org/slice-source from cache
182 verbose get saving slice-source to /home/thiagosm/.npm/registry.npmjs.org/slice-source/.cache.json
183 verbose correctMkdir /home/thiagosm/.npm correctMkdir not in flight; initializing
184 http 304 https://registry.npmjs.org/array-source
185 verbose headers { date: 'Thu, 22 Feb 2018 14:31:42 GMT',
185 verbose headers   via: '1.1 varnish',
185 verbose headers   'cache-control': 'max-age=300',
185 verbose headers   etag: '"59ab2c10-20d7"',
185 verbose headers   age: '13670',
185 verbose headers   connection: 'keep-alive',
185 verbose headers   'x-served-by': 'cache-gru17131-GRU',
185 verbose headers   'x-cache': 'HIT',
185 verbose headers   'x-cache-hits': '1',
185 verbose headers   'x-timer': 'S1519309902.124587,VS0,VE1',
185 verbose headers   vary: 'Accept-Encoding, Accept' }
186 silly get cb [ 304,
186 silly get   { date: 'Thu, 22 Feb 2018 14:31:42 GMT',
186 silly get     via: '1.1 varnish',
186 silly get     'cache-control': 'max-age=300',
186 silly get     etag: '"59ab2c10-20d7"',
186 silly get     age: '13670',
186 silly get     connection: 'keep-alive',
186 silly get     'x-served-by': 'cache-gru17131-GRU',
186 silly get     'x-cache': 'HIT',
186 silly get     'x-cache-hits': '1',
186 silly get     'x-timer': 'S1519309902.124587,VS0,VE1',
186 silly get     vary: 'Accept-Encoding, Accept' } ]
187 verbose etag https://registry.npmjs.org/array-source from cache
188 verbose get saving array-source to /home/thiagosm/.npm/registry.npmjs.org/array-source/.cache.json
189 verbose correctMkdir /home/thiagosm/.npm correctMkdir not in flight; initializing
190 silly resolveWithNewModule slice-source@0.4.1 checking installable status
191 silly cache add args [ 'slice-source@0.4', null ]
192 verbose cache add spec slice-source@0.4
193 silly cache add parsed spec Result {
193 silly cache add   raw: 'slice-source@0.4',
193 silly cache add   scope: null,
193 silly cache add   escapedName: 'slice-source',
193 silly cache add   name: 'slice-source',
193 silly cache add   rawSpec: '0.4',
193 silly cache add   spec: '>=0.4.0 <0.5.0',
193 silly cache add   type: 'range' }
194 silly addNamed slice-source@>=0.4.0 <0.5.0
195 verbose addNamed ">=0.4.0 <0.5.0" is a valid semver range for slice-source
196 silly addNameRange { name: 'slice-source', range: '>=0.4.0 <0.5.0', hasData: false }
197 silly mapToRegistry name slice-source
198 silly mapToRegistry using default registry
199 silly mapToRegistry registry https://registry.npmjs.org/
200 silly mapToRegistry data Result {
200 silly mapToRegistry   raw: 'slice-source',
200 silly mapToRegistry   scope: null,
200 silly mapToRegistry   escapedName: 'slice-source',
200 silly mapToRegistry   name: 'slice-source',
200 silly mapToRegistry   rawSpec: '',
200 silly mapToRegistry   spec: 'latest',
200 silly mapToRegistry   type: 'tag' }
201 silly mapToRegistry uri https://registry.npmjs.org/slice-source
202 verbose addNameRange registry:https://registry.npmjs.org/slice-source not in flight; fetching
203 silly resolveWithNewModule stream-source@0.3.5 checking installable status
204 silly cache add args [ 'stream-source@0.3', null ]
205 verbose cache add spec stream-source@0.3
206 silly cache add parsed spec Result {
206 silly cache add   raw: 'stream-source@0.3',
206 silly cache add   scope: null,
206 silly cache add   escapedName: 'stream-source',
206 silly cache add   name: 'stream-source',
206 silly cache add   rawSpec: '0.3',
206 silly cache add   spec: '>=0.3.0 <0.4.0',
206 silly cache add   type: 'range' }
207 silly addNamed stream-source@>=0.3.0 <0.4.0
208 verbose addNamed ">=0.3.0 <0.4.0" is a valid semver range for stream-source
209 silly addNameRange { name: 'stream-source',
209 silly addNameRange   range: '>=0.3.0 <0.4.0',
209 silly addNameRange   hasData: false }
210 silly mapToRegistry name stream-source
211 silly mapToRegistry using default registry
212 silly mapToRegistry registry https://registry.npmjs.org/
213 silly mapToRegistry data Result {
213 silly mapToRegistry   raw: 'stream-source',
213 silly mapToRegistry   scope: null,
213 silly mapToRegistry   escapedName: 'stream-source',
213 silly mapToRegistry   name: 'stream-source',
213 silly mapToRegistry   rawSpec: '',
213 silly mapToRegistry   spec: 'latest',
213 silly mapToRegistry   type: 'tag' }
214 silly mapToRegistry uri https://registry.npmjs.org/stream-source
215 verbose addNameRange registry:https://registry.npmjs.org/stream-source not in flight; fetching
216 silly resolveWithNewModule path-source@0.1.3 checking installable status
217 silly cache add args [ 'path-source@0.1', null ]
218 verbose cache add spec path-source@0.1
219 silly cache add parsed spec Result {
219 silly cache add   raw: 'path-source@0.1',
219 silly cache add   scope: null,
219 silly cache add   escapedName: 'path-source',
219 silly cache add   name: 'path-source',
219 silly cache add   rawSpec: '0.1',
219 silly cache add   spec: '>=0.1.0 <0.2.0',
219 silly cache add   type: 'range' }
220 silly addNamed path-source@>=0.1.0 <0.2.0
221 verbose addNamed ">=0.1.0 <0.2.0" is a valid semver range for path-source
222 silly addNameRange { name: 'path-source', range: '>=0.1.0 <0.2.0', hasData: false }
223 silly mapToRegistry name path-source
224 silly mapToRegistry using default registry
225 silly mapToRegistry registry https://registry.npmjs.org/
226 silly mapToRegistry data Result {
226 silly mapToRegistry   raw: 'path-source',
226 silly mapToRegistry   scope: null,
226 silly mapToRegistry   escapedName: 'path-source',
226 silly mapToRegistry   name: 'path-source',
226 silly mapToRegistry   rawSpec: '',
226 silly mapToRegistry   spec: 'latest',
226 silly mapToRegistry   type: 'tag' }
227 silly mapToRegistry uri https://registry.npmjs.org/path-source
228 verbose addNameRange registry:https://registry.npmjs.org/path-source not in flight; fetching
229 silly resolveWithNewModule text-encoding@0.6.4 checking installable status
230 silly cache add args [ 'text-encoding@^0.6.4', null ]
231 verbose cache add spec text-encoding@^0.6.4
232 silly cache add parsed spec Result {
232 silly cache add   raw: 'text-encoding@^0.6.4',
232 silly cache add   scope: null,
232 silly cache add   escapedName: 'text-encoding',
232 silly cache add   name: 'text-encoding',
232 silly cache add   rawSpec: '^0.6.4',
232 silly cache add   spec: '>=0.6.4 <0.7.0',
232 silly cache add   type: 'range' }
233 silly addNamed text-encoding@>=0.6.4 <0.7.0
234 verbose addNamed ">=0.6.4 <0.7.0" is a valid semver range for text-encoding
235 silly addNameRange { name: 'text-encoding',
235 silly addNameRange   range: '>=0.6.4 <0.7.0',
235 silly addNameRange   hasData: false }
236 silly mapToRegistry name text-encoding
237 silly mapToRegistry using default registry
238 silly mapToRegistry registry https://registry.npmjs.org/
239 silly mapToRegistry data Result {
239 silly mapToRegistry   raw: 'text-encoding',
239 silly mapToRegistry   scope: null,
239 silly mapToRegistry   escapedName: 'text-encoding',
239 silly mapToRegistry   name: 'text-encoding',
239 silly mapToRegistry   rawSpec: '',
239 silly mapToRegistry   spec: 'latest',
239 silly mapToRegistry   type: 'tag' }
240 silly mapToRegistry uri https://registry.npmjs.org/text-encoding
241 verbose addNameRange registry:https://registry.npmjs.org/text-encoding not in flight; fetching
242 silly resolveWithNewModule array-source@0.0.4 checking installable status
243 silly cache add args [ 'array-source@0.0', null ]
244 verbose cache add spec array-source@0.0
245 silly cache add parsed spec Result {
245 silly cache add   raw: 'array-source@0.0',
245 silly cache add   scope: null,
245 silly cache add   escapedName: 'array-source',
245 silly cache add   name: 'array-source',
245 silly cache add   rawSpec: '0.0',
245 silly cache add   spec: '>=0.0.0 <0.1.0',
245 silly cache add   type: 'range' }
246 silly addNamed array-source@>=0.0.0 <0.1.0
247 verbose addNamed ">=0.0.0 <0.1.0" is a valid semver range for array-source
248 silly addNameRange { name: 'array-source', range: '>=0.0.0 <0.1.0', hasData: false }
249 silly mapToRegistry name array-source
250 silly mapToRegistry using default registry
251 silly mapToRegistry registry https://registry.npmjs.org/
252 silly mapToRegistry data Result {
252 silly mapToRegistry   raw: 'array-source',
252 silly mapToRegistry   scope: null,
252 silly mapToRegistry   escapedName: 'array-source',
252 silly mapToRegistry   name: 'array-source',
252 silly mapToRegistry   rawSpec: '',
252 silly mapToRegistry   spec: 'latest',
252 silly mapToRegistry   type: 'tag' }
253 silly mapToRegistry uri https://registry.npmjs.org/array-source
254 verbose addNameRange registry:https://registry.npmjs.org/array-source not in flight; fetching
255 verbose get https://registry.npmjs.org/slice-source not expired, no request
256 silly addNameRange number 2 { name: 'slice-source', range: '>=0.4.0 <0.5.0', hasData: true }
257 silly addNameRange versions [ 'slice-source',
257 silly addNameRange   [ '0.0.1',
257 silly addNameRange     '0.1.0',
257 silly addNameRange     '0.1.1',
257 silly addNameRange     '0.1.2',
257 silly addNameRange     '0.1.3',
257 silly addNameRange     '0.1.4',
257 silly addNameRange     '0.2.0',
257 silly addNameRange     '0.2.1',
257 silly addNameRange     '0.3.0',
257 silly addNameRange     '0.3.1',
257 silly addNameRange     '0.3.2',
257 silly addNameRange     '0.3.3',
257 silly addNameRange     '0.4.0',
257 silly addNameRange     '0.4.1' ] ]
258 silly addNamed slice-source@0.4.1
259 verbose addNamed "0.4.1" is a plain semver version for slice-source
260 verbose get https://registry.npmjs.org/stream-source not expired, no request
261 silly addNameRange number 2 { name: 'stream-source', range: '>=0.3.0 <0.4.0', hasData: true }
262 silly addNameRange versions [ 'stream-source',
262 silly addNameRange   [ '0.0.1',
262 silly addNameRange     '0.0.2',
262 silly addNameRange     '0.1.0',
262 silly addNameRange     '0.2.0',
262 silly addNameRange     '0.2.1',
262 silly addNameRange     '0.2.2',
262 silly addNameRange     '0.3.0',
262 silly addNameRange     '0.3.1',
262 silly addNameRange     '0.3.2',
262 silly addNameRange     '0.3.3',
262 silly addNameRange     '0.3.4',
262 silly addNameRange     '0.3.5' ] ]
263 silly addNamed stream-source@0.3.5
264 verbose addNamed "0.3.5" is a plain semver version for stream-source
265 verbose get https://registry.npmjs.org/path-source not expired, no request
266 silly addNameRange number 2 { name: 'path-source', range: '>=0.1.0 <0.2.0', hasData: true }
267 silly addNameRange versions [ 'path-source',
267 silly addNameRange   [ '0.0.1', '0.0.2', '0.1.0', '0.1.1', '0.1.2', '0.1.3' ] ]
268 silly addNamed path-source@0.1.3
269 verbose addNamed "0.1.3" is a plain semver version for path-source
270 verbose get https://registry.npmjs.org/array-source not expired, no request
271 silly addNameRange number 2 { name: 'array-source', range: '>=0.0.0 <0.1.0', hasData: true }
272 silly addNameRange versions [ 'array-source', [ '0.0.1', '0.0.2', '0.0.3', '0.0.4' ] ]
273 silly addNamed array-source@0.0.4
274 verbose addNamed "0.0.4" is a plain semver version for array-source
275 verbose get https://registry.npmjs.org/text-encoding not expired, no request
276 silly addNameRange number 2 { name: 'text-encoding', range: '>=0.6.4 <0.7.0', hasData: true }
277 silly addNameRange versions [ 'text-encoding',
277 silly addNameRange   [ '0.0.0',
277 silly addNameRange     '0.1.0',
277 silly addNameRange     '0.5.0',
277 silly addNameRange     '0.5.1',
277 silly addNameRange     '0.5.2',
277 silly addNameRange     '0.5.5',
277 silly addNameRange     '0.6.0',
277 silly addNameRange     '0.6.1',
277 silly addNameRange     '0.6.2',
277 silly addNameRange     '0.6.4' ] ]
278 silly addNamed text-encoding@0.6.4
279 verbose addNamed "0.6.4" is a plain semver version for text-encoding
280 silly cache afterAdd stream-source@0.3.5
281 verbose afterAdd /home/thiagosm/.npm/stream-source/0.3.5/package/package.json not in flight; writing
282 verbose correctMkdir /home/thiagosm/.npm correctMkdir not in flight; initializing
283 silly cache afterAdd slice-source@0.4.1
284 verbose afterAdd /home/thiagosm/.npm/slice-source/0.4.1/package/package.json not in flight; writing
285 verbose correctMkdir /home/thiagosm/.npm correctMkdir not in flight; initializing
286 silly cache afterAdd path-source@0.1.3
287 verbose afterAdd /home/thiagosm/.npm/path-source/0.1.3/package/package.json not in flight; writing
288 verbose correctMkdir /home/thiagosm/.npm correctMkdir not in flight; initializing
289 silly cache afterAdd array-source@0.0.4
290 verbose afterAdd /home/thiagosm/.npm/array-source/0.0.4/package/package.json not in flight; writing
291 verbose correctMkdir /home/thiagosm/.npm correctMkdir not in flight; initializing
292 silly cache afterAdd text-encoding@0.6.4
293 verbose afterAdd /home/thiagosm/.npm/text-encoding/0.6.4/package/package.json not in flight; writing
294 verbose correctMkdir /home/thiagosm/.npm correctMkdir not in flight; initializing
295 verbose afterAdd /home/thiagosm/.npm/stream-source/0.3.5/package/package.json written
296 verbose afterAdd /home/thiagosm/.npm/slice-source/0.4.1/package/package.json written
297 verbose afterAdd /home/thiagosm/.npm/path-source/0.1.3/package/package.json written
298 verbose afterAdd /home/thiagosm/.npm/text-encoding/0.6.4/package/package.json written
299 verbose afterAdd /home/thiagosm/.npm/array-source/0.0.4/package/package.json written
300 silly fetchNamedPackageData file-source
301 silly mapToRegistry name file-source
302 silly mapToRegistry using default registry
303 silly mapToRegistry registry https://registry.npmjs.org/
304 silly mapToRegistry data Result {
304 silly mapToRegistry   raw: 'file-source',
304 silly mapToRegistry   scope: null,
304 silly mapToRegistry   escapedName: 'file-source',
304 silly mapToRegistry   name: 'file-source',
304 silly mapToRegistry   rawSpec: '',
304 silly mapToRegistry   spec: 'latest',
304 silly mapToRegistry   type: 'tag' }
305 silly mapToRegistry uri https://registry.npmjs.org/file-source
306 verbose request uri https://registry.npmjs.org/file-source
307 verbose request no auth needed
308 info attempt registry request try #1 at 11:31:42
309 verbose etag "57d08f12-37da"
310 verbose lastModified Wed, 7 Sep 2016 22:05:06 GMT
311 http request GET https://registry.npmjs.org/file-source
312 http 304 https://registry.npmjs.org/file-source
313 verbose headers { date: 'Thu, 22 Feb 2018 14:31:42 GMT',
313 verbose headers   via: '1.1 varnish',
313 verbose headers   'cache-control': 'max-age=300',
313 verbose headers   etag: '"57d08f12-37da"',
313 verbose headers   age: '13669',
313 verbose headers   connection: 'keep-alive',
313 verbose headers   'x-served-by': 'cache-gru17122-GRU',
313 verbose headers   'x-cache': 'HIT',
313 verbose headers   'x-cache-hits': '2',
313 verbose headers   'x-timer': 'S1519309902.337657,VS0,VE0',
313 verbose headers   vary: 'Accept-Encoding, Accept' }
314 silly get cb [ 304,
314 silly get   { date: 'Thu, 22 Feb 2018 14:31:42 GMT',
314 silly get     via: '1.1 varnish',
314 silly get     'cache-control': 'max-age=300',
314 silly get     etag: '"57d08f12-37da"',
314 silly get     age: '13669',
314 silly get     connection: 'keep-alive',
314 silly get     'x-served-by': 'cache-gru17122-GRU',
314 silly get     'x-cache': 'HIT',
314 silly get     'x-cache-hits': '2',
314 silly get     'x-timer': 'S1519309902.337657,VS0,VE0',
314 silly get     vary: 'Accept-Encoding, Accept' } ]
315 verbose etag https://registry.npmjs.org/file-source from cache
316 verbose get saving file-source to /home/thiagosm/.npm/registry.npmjs.org/file-source/.cache.json
317 verbose correctMkdir /home/thiagosm/.npm correctMkdir not in flight; initializing
318 silly resolveWithNewModule file-source@0.6.1 checking installable status
319 silly cache add args [ 'file-source@0.6', null ]
320 verbose cache add spec file-source@0.6
321 silly cache add parsed spec Result {
321 silly cache add   raw: 'file-source@0.6',
321 silly cache add   scope: null,
321 silly cache add   escapedName: 'file-source',
321 silly cache add   name: 'file-source',
321 silly cache add   rawSpec: '0.6',
321 silly cache add   spec: '>=0.6.0 <0.7.0',
321 silly cache add   type: 'range' }
322 silly addNamed file-source@>=0.6.0 <0.7.0
323 verbose addNamed ">=0.6.0 <0.7.0" is a valid semver range for file-source
324 silly addNameRange { name: 'file-source', range: '>=0.6.0 <0.7.0', hasData: false }
325 silly mapToRegistry name file-source
326 silly mapToRegistry using default registry
327 silly mapToRegistry registry https://registry.npmjs.org/
328 silly mapToRegistry data Result {
328 silly mapToRegistry   raw: 'file-source',
328 silly mapToRegistry   scope: null,
328 silly mapToRegistry   escapedName: 'file-source',
328 silly mapToRegistry   name: 'file-source',
328 silly mapToRegistry   rawSpec: '',
328 silly mapToRegistry   spec: 'latest',
328 silly mapToRegistry   type: 'tag' }
329 silly mapToRegistry uri https://registry.npmjs.org/file-source
330 verbose addNameRange registry:https://registry.npmjs.org/file-source not in flight; fetching
331 verbose get https://registry.npmjs.org/file-source not expired, no request
332 silly addNameRange number 2 { name: 'file-source', range: '>=0.6.0 <0.7.0', hasData: true }
333 silly addNameRange versions [ 'file-source',
333 silly addNameRange   [ '0.0.1',
333 silly addNameRange     '0.1.0',
333 silly addNameRange     '0.1.1',
333 silly addNameRange     '0.2.0',
333 silly addNameRange     '0.3.0',
333 silly addNameRange     '0.4.0',
333 silly addNameRange     '0.5.0',
333 silly addNameRange     '0.6.0',
333 silly addNameRange     '0.6.1' ] ]
334 silly addNamed file-source@0.6.1
335 verbose addNamed "0.6.1" is a plain semver version for file-source
336 silly cache afterAdd file-source@0.6.1
337 verbose afterAdd /home/thiagosm/.npm/file-source/0.6.1/package/package.json not in flight; writing
338 verbose correctMkdir /home/thiagosm/.npm correctMkdir not in flight; initializing
339 verbose afterAdd /home/thiagosm/.npm/file-source/0.6.1/package/package.json written
340 silly loadAllDepsIntoIdealTree Finishing
341 silly loadIdealTree Finishing
342 silly currentTree lib
343 silly idealTree lib
343 silly idealTree └─┬ shapefile@0.6.6
343 silly idealTree   ├── array-source@0.0.4
343 silly idealTree   ├── commander@2.14.1
343 silly idealTree   ├── file-source@0.6.1
343 silly idealTree   ├── path-source@0.1.3
343 silly idealTree   ├── slice-source@0.4.1
343 silly idealTree   ├── stream-source@0.3.5
343 silly idealTree   └── text-encoding@0.6.4
344 silly generateActionsToTake Starting
345 silly install generateActionsToTake
346 warn checkPermissions Missing write access to /usr/lib/node_modules
347 silly rollbackFailedOptional Starting
348 silly rollbackFailedOptional Finishing
349 silly runTopLevelLifecycles Finishing
350 silly install printInstalled
351 verbose stack Error: EACCES: permission denied, access '/usr/lib/node_modules'
351 verbose stack     at Error (native)
352 verbose cwd /home/thiagosm/mapa-intro/parte3
353 error Linux 4.8.0-52-generic
354 error argv "/usr/bin/nodejs" "/usr/bin/npm" "install" "-g" "shapefile"
355 error node v6.10.3
356 error npm  v3.10.10
357 error path /usr/lib/node_modules
358 error code EACCES
359 error errno -13
360 error syscall access
361 error Error: EACCES: permission denied, access '/usr/lib/node_modules'
361 error     at Error (native)
361 error  { Error: EACCES: permission denied, access '/usr/lib/node_modules'
361 error     at Error (native)
361 error   errno: -13,
361 error   code: 'EACCES',
361 error   syscall: 'access',
361 error   path: '/usr/lib/node_modules' }
362 error Please try running this command again as root/Administrator.
363 verbose exit [ -13, true ]
